*   Trying 192.168.11.7...
* Connected to 192.168.11.7 (192.168.11.7) port 8080 (#0)
* Establish HTTP proxy tunnel to oookbrenessans.bitrix24.ru:443
* Proxy auth using NTLM with user 'v.bushuev'
> CONNECT oookbrenessans.bitrix24.ru:443 HTTP/1.1
Host: oookbrenessans.bitrix24.ru:443
Proxy-Authorization: NTLM TlRMTVNTUAABAAAAB4IIogAAAAAAAAAAAAAAAAAAAAAGAbEdAAAADw==
Proxy-Connection: Keep-Alive

< HTTP/1.1 407 Proxy Authentication Required ( Отказано в доступе.  )
< Via: 1.1 FFTMGM
< Proxy-Authenticate: NTLM TlRMTVNTUAACAAAAFAAUADgAAAAFgomiEkdOhY9oTgUAAAAAAAAAAKAAoABMAAAABgByFwAAAA9SAEUATgBFAFMAUwBCAEEATgBLAAIAFABSAEUATgBFAFMAUwBCAEEATgBLAAEADABGAEYAVABNAEcATQAEABoAcgBlAG4AZQBzAHMAYgBhAG4AawAuAHIAdQADACgARgBGAHQAbQBnAE0ALgByAGUAbgBlAHMAcwBiAGEAbgBrAC4AcgB1AAUAGgByAGUAbgBlAHMAcwBiAGEAbgBrAC4AcgB1AAcACACyZ+qTezLRAQAAAAA=
< Connection: Keep-Alive
< Proxy-Connection: Keep-Alive
< Pragma: no-cache
< Cache-Control: no-cache
< Content-Type: text/html
< Content-Length: 0     
< 
* TUNNEL_STATE switched to: 0
* Establish HTTP proxy tunnel to oookbrenessans.bitrix24.ru:443
* Proxy auth using NTLM with user 'v.bushuev'
> CONNECT oookbrenessans.bitrix24.ru:443 HTTP/1.1
Host: oookbrenessans.bitrix24.ru:443
Proxy-Authorization: NTLM TlRMTVNTUAADAAAAGAAYAH4AAAAoASgBlgAAAAAAAABYAAAAEgASAFgAAAAUABQAagAAAAAAAAC+AQAABYKIogYBsR0AAAAPc4qLl0AnOD0LvkenYzQ7z3YALgBiAHUAcwBoAHUAZQB2ADQAMAAzAEIAVQBTAEgAVQBFAFYAAAAAAAAAAAAAAAAAAAAAAAAAAAAAAAAAGCJjZhyeQPmLrQ1Ee+3zngEBAAAAAAAAsmfqk3sy0QFGpaR86HGfTwAAAAACABQAUgBFAE4ARQBTAFMAQgBBAE4ASwABAAwARgBGAFQATQBHAE0ABAAaAHIAZQBuAGUAcwBzAGIAYQBuAGsALgByAHUAAwAoAEYARgB0AG0AZwBNAC4AcgBlAG4AZQBzAHMAYgBhAG4AawAuAHIAdQAFABoAcgBlAG4AZQBzAHMAYgBhAG4AawAuAHIAdQAHAAgAsmfqk3sy0QEGAAQAAgAAAAgAMAAwAAAAAAAAAAAAAAAAQAAAp5/fq3vjZAcojHJNVV4ke8pCCdKhYwATEIWIoPQYcS0KABAAAAAAAAAAAAAAAAAAAAAAAAkAAAAAAAAAAAAAAAAAAAA=
Proxy-Connection: Keep-Alive

< HTTP/1.1 200 Connection established
< Via: 1.1 FFTMGM
< Connection: Keep-Alive
< Proxy-Connection: Keep-Alive
< 
* Proxy replied OK to CONNECT request
* Cipher selection: ALL:!EXPORT:!EXPORT40:!EXPORT56:!aNULL:!LOW:!RC4:@STRENGTH
* NPN, negotiated HTTP1.1
* SSL connection using TLSv1.2 / ECDHE-RSA-AES256-GCM-SHA384
* Server certificate:
* 	 subject: OU=Domain Control Validated; CN=*.bitrix24.ru
* 	 start date: 2015-01-14 22:08:39 GMT
* 	 expire date: 2017-01-18 08:06:26 GMT
* 	 subjectAltName: oookbrenessans.bitrix24.ru matched
* 	 issuer: C=US; ST=Arizona; L=Scottsdale; O=GoDaddy.com, Inc.; OU=http://certs.godaddy.com/repository/; CN=Go Daddy Secure Certificate Authority - G2
* 	 SSL certificate verify result: self signed certificate in certificate chain (19), continuing anyway.
> GET /oauth/token/?client_id=local.565ec55fb6b3c3.75244299&grant_type=authorization_code&code=02e4kbxllzkjd6my9iyvvet5tyj3haik&client_secret=235f154afe7a8666ae10221e2a7a7d73&redirect_uri=http://bitrix24.bs/test&scope=user HTTP/1.1
Host: oookbrenessans.bitrix24.ru
Content-type: text/xml;charset="utf-8"
Accept: text/json
Cache-Control: no-cache
Pragma: no-cache
Cookie: BITRIX_SM_CC=Y;BITRIX_SM_PK=Y;BITRIX_SM_SOUND_LOGIN_PLAYED=Y;BITRIX_SM_TIME_ZONE=-180;

< HTTP/1.1 302 Found
< Server: nginx/1.7.8
< Date: Wed, 09 Dec 2015 12:17:32 GMT
< Content-Type: application/json
< Transfer-Encoding: chunked
< Connection: keep-alive
< P3P: policyref="/bitrix/p3p.xml", CP="NON DSP COR CUR ADM DEV PSA PSD OUR UNR BUS UNI COM NAV INT DEM STA"
< X-Powered-CMS: Bitrix Site Manager (1682f9867b9ef36eacf05e345db46f3c)
< Set-Cookie: PHPSESSID=n63lAnGf0BrnrX7Gx7qRofMFxTQ1UZzw; path=/; secure; HttpOnly
< Expires: Thu, 19 Nov 1981 08:52:00 GMT
< Pragma: no-cache
< Set-Cookie: qmb=deleted; expires=Thu, 01-Jan-1970 00:00:01 GMT; Max-Age=0; path=/
< Cache-Control: no-store
< Access-Control-Allow-Origin: *
< Access-Control-Allow-Headers: origin, content-type, accept
< X-Frame-Options: SAMEORIGIN
< X-Content-Type-Options: nosniff
< Strict-Transport-Security: max-age=31536000; includeSubdomains
< 
* Connection #0 to host 192.168.11.7 left intact
