Connecting to https://oookbrenessans.bitrix24.ru/oauth/authorize/?client_id=local.565ec55fb6b3c3.75244299&response_type=code&redirect_uri=http://bitrix24.bs/test

Connecting to https://oookbrenessans.bitrix24.ru/oauth/authorize/?client_id=local.565ec55fb6b3c3.75244299&response_type=code&redirect_uri=http://bitrix24.bs/test

Connecting to https://oookbrenessans.bitrix24.ru/oauth/authorize/?client_id=local.565ec55fb6b3c3.75244299&response_type=code&redirect_uri=http://bitrix24.bs/test

Connecting to https://oookbrenessans.bitrix24.ru/oauth/authorize/?client_id=local.565ec55fb6b3c3.75244299&response_type=code&redirect_uri=http://bitrix24.bs/test

Connecting to https://oookbrenessans.bitrix24.ru/oauth/authorize/?client_id=local.565ec55fb6b3c3.75244299&response_type=code&redirect_uri=http://bitrix24.bs/test

Connecting to https://oookbrenessans.bitrix24.ru/oauth/authorize/?client_id=local.565ec55fb6b3c3.75244299&response_type=code&redirect_uri=http://bitrix24.bs/test

Connecting to https://oookbrenessans.bitrix24.ru/oauth/authorize/?client_id=local.565ec55fb6b3c3.75244299&response_type=code&redirect_uri=http://bitrix24.bs/test

<br />
<b>Notice</b>:  Undefined variable: out in <b>C:\Users\v.bushuev\Documents\projects\www\bitrix24.dev\test\index.php</b> on line <b>16</b><br />

<br />
<b>Notice</b>:  Undefined variable: out in <b>C:\Users\v.bushuev\Documents\projects\www\bitrix24.dev\test\index.php</b> on line <b>16</b><br />

<br />
<b>Notice</b>:  Undefined variable: out in <b>C:\Users\v.bushuev\Documents\projects\www\bitrix24.dev\test\index.php</b> on line <b>16</b><br />

<br />
<b>Notice</b>:  Undefined variable: out in <b>C:\Users\v.bushuev\Documents\projects\www\bitrix24.dev\test\index.php</b> on line <b>16</b><br />

<br />
<b>Notice</b>:  Undefined variable: out in <b>C:\Users\v.bushuev\Documents\projects\www\bitrix24.dev\test\index.php</b> on line <b>16</b><br />

<br />
<b>Notice</b>:  Undefined variable: out in <b>C:\Users\v.bushuev\Documents\projects\www\bitrix24.dev\test\index.php</b> on line <b>16</b><br />

<br />
<b>Notice</b>:  Undefined variable: out in <b>C:\Users\v.bushuev\Documents\projects\www\bitrix24.dev\test\index.php</b> on line <b>16</b><br />

<br />
<b>Notice</b>:  Undefined variable: out in <b>C:\Users\v.bushuev\Documents\projects\www\bitrix24.dev\test\index.php</b> on line <b>16</b><br />

<br />
<b>Notice</b>:  Undefined variable: out in <b>C:\Users\v.bushuev\Documents\projects\www\bitrix24.dev\test\index.php</b> on line <b>16</b><br />

<br />
<b>Notice</b>:  Undefined variable: out in <b>C:\Users\v.bushuev\Documents\projects\www\bitrix24.dev\test\index.php</b> on line <b>16</b><br />

<br />
<b>Notice</b>:  Undefined variable: out in <b>C:\Users\v.bushuev\Documents\projects\www\bitrix24.dev\test\index.php</b> on line <b>16</b><br />

<br />
<b>Notice</b>:  Undefined variable: out in <b>C:\Users\v.bushuev\Documents\projects\www\bitrix24.dev\test\index.php</b> on line <b>16</b><br />

<br />
<b>Notice</b>:  Undefined variable: out in <b>C:\Users\v.bushuev\Documents\projects\www\bitrix24.dev\test\index.php</b> on line <b>16</b><br />

<br />
<b>Notice</b>:  Undefined variable: out in <b>C:\Users\v.bushuev\Documents\projects\www\bitrix24.dev\test\index.php</b> on line <b>16</b><br />

<br />
<b>Notice</b>:  Undefined variable: out in <b>C:\Users\v.bushuev\Documents\projects\www\bitrix24.dev\test\index.php</b> on line <b>16</b><br />

<br />
<b>Notice</b>:  Undefined variable: out in <b>C:\Users\v.bushuev\Documents\projects\www\bitrix24.dev\test\index.php</b> on line <b>16</b><br />

<br />
<b>Notice</b>:  Undefined variable: out in <b>C:\Users\v.bushuev\Documents\projects\www\bitrix24.dev\test\index.php</b> on line <b>16</b><br />

<br />
<b>Notice</b>:  Undefined variable: out in <b>C:\Users\v.bushuev\Documents\projects\www\bitrix24.dev\test\index.php</b> on line <b>16</b><br />

<br />
<b>Notice</b>:  Undefined variable: out in <b>C:\Users\v.bushuev\Documents\projects\www\bitrix24.dev\test\index.php</b> on line <b>16</b><br />

<br />
<b>Notice</b>:  Undefined variable: out in <b>C:\Users\v.bushuev\Documents\projects\www\bitrix24.dev\test\index.php</b> on line <b>16</b><br />

<br />
<b>Notice</b>:  Undefined index: redirect_uri in <b>C:\Users\v.bushuev\Documents\projects\www\bitrix24.dev\test\index.php</b> on line <b>14</b><br />
<br />
<b>Notice</b>:  Undefined variable: out in <b>C:\Users\v.bushuev\Documents\projects\www\bitrix24.dev\test\index.php</b> on line <b>16</b><br />

<br />
<b>Notice</b>:  Undefined index: redirect_uri in <b>C:\Users\v.bushuev\Documents\projects\www\bitrix24.dev\test\index.php</b> on line <b>14</b><br />
<br />
<b>Notice</b>:  Undefined variable: out in <b>C:\Users\v.bushuev\Documents\projects\www\bitrix24.dev\test\index.php</b> on line <b>16</b><br />

<br />
<b>Notice</b>:  Undefined index: redirect_uri in <b>C:\Users\v.bushuev\Documents\projects\www\bitrix24.dev\test\index.php</b> on line <b>14</b><br />
<br />
<b>Notice</b>:  Undefined variable: out in <b>C:\Users\v.bushuev\Documents\projects\www\bitrix24.dev\test\index.php</b> on line <b>16</b><br />

<br />
<b>Notice</b>:  Undefined index: redirect_uri in <b>C:\Users\v.bushuev\Documents\projects\www\bitrix24.dev\test\index.php</b> on line <b>14</b><br />
<br />
<b>Notice</b>:  Undefined variable: out in <b>C:\Users\v.bushuev\Documents\projects\www\bitrix24.dev\test\index.php</b> on line <b>16</b><br />

<br />
<b>Notice</b>:  Undefined index: redirect_uri in <b>C:\Users\v.bushuev\Documents\projects\www\bitrix24.dev\test\index.php</b> on line <b>14</b><br />
<br />
<b>Notice</b>:  Undefined variable: out in <b>C:\Users\v.bushuev\Documents\projects\www\bitrix24.dev\test\index.php</b> on line <b>16</b><br />

<br />
<b>Notice</b>:  Undefined index: redirect_uri in <b>C:\Users\v.bushuev\Documents\projects\www\bitrix24.dev\test\index.php</b> on line <b>14</b><br />
<br />
<b>Notice</b>:  Undefined variable: out in <b>C:\Users\v.bushuev\Documents\projects\www\bitrix24.dev\test\index.php</b> on line <b>16</b><br />

<br />
<b>Notice</b>:  Undefined index: redirect_uri in <b>C:\Users\v.bushuev\Documents\projects\www\bitrix24.dev\test\index.php</b> on line <b>14</b><br />
<br />
<b>Notice</b>:  Undefined variable: out in <b>C:\Users\v.bushuev\Documents\projects\www\bitrix24.dev\test\index.php</b> on line <b>16</b><br />

<br />
<b>Notice</b>:  Undefined index: redirect_uri in <b>C:\Users\v.bushuev\Documents\projects\www\bitrix24.dev\test\index.php</b> on line <b>14</b><br />
Connecting to https://oookbrenessans.bitrix24.ru/oauth/authorize/?client_id=local.565ec55fb6b3c3.75244299&response_type=code&redirect_uri=


Connecting to https://oookbrenessans.bitrix24.ru/oauth/token/?client_id=local.565ec55fb6b3c3.75244299&grant_type=authorization_code&code=1pjaizz77de83csr9sva3c287wfb4p5t&client_secret=235f154afe7a8666ae10221e2a7a7d73&redirect_uri=http://bitrix24.bs/test&scope=user
{"error":"invalid_scope"}

Connecting to https://oookbrenessans.bitrix24.ru/oauth/token/?client_id=local.565ec55fb6b3c3.75244299&grant_type=authorization_code&code=7xzifgqfk0y2ra5swnos8h3ecsm7grn0&client_secret=235f154afe7a8666ae10221e2a7a7d73&redirect_uri=http://bitrix24.bs/test&scope=user
RESPONSE[{"access_token":"5fv7fv2spv5elde00bm5vp51xov0yp92","expires_in":3600,"scope":"user","user_id":28,"status":"L","member_id":"d428a6b5c94fac2b9b84c3c53e984083","refresh_token":"ortsogtma0cdegg9lpcq232n07mrvlpz","domain":"oookbrenessans.bitrix24.ru"}]




Connecting to https://oookbrenessans.bitrix24.ru/oauth/token/?client_id=local.565ec55fb6b3c3.75244299&grant_type=authorization_code&code=02e4kbxllzkjd6my9iyvvet5tyj3haik&client_secret=235f154afe7a8666ae10221e2a7a7d73&redirect_uri=http://bitrix24.bs/test&scope=user
stdClass Object
(
    [access_token] => s353vyxdmm04vwcxv0jslk0shsjl8zvx
    [expires_in] => 3600
    [scope] => user
    [user_id] => 28
    [status] => L
    [member_id] => d428a6b5c94fac2b9b84c3c53e984083
    [refresh_token] => 0e61c23xzo2pfhij890znbgyot3jg5ge
    [domain] => oookbrenessans.bitrix24.ru
)

Connecting to https://oookbrenessans.bitrix24.ru/oauth/token/?client_id=local.565ec55fb6b3c3.75244299&grant_type=authorization_code&code=02e4kbxllzkjd6my9iyvvet5tyj3haik&client_secret=235f154afe7a8666ae10221e2a7a7d73&redirect_uri=http://bitrix24.bs/test&scope=user

